2025-11-23 18:29:13,724 [trainer.py] => config: exps/inflora_c100.json
2025-11-23 18:29:13,725 [trainer.py] => prefix: reproduce
2025-11-23 18:29:13,725 [trainer.py] => dataset: cifar224
2025-11-23 18:29:13,725 [trainer.py] => memory_size: 0
2025-11-23 18:29:13,725 [trainer.py] => memory_per_class: 0
2025-11-23 18:29:13,725 [trainer.py] => fixed_memory: True
2025-11-23 18:29:13,725 [trainer.py] => shuffle: False
2025-11-23 18:29:13,726 [trainer.py] => init_cls: 10
2025-11-23 18:29:13,726 [trainer.py] => increment: 10
2025-11-23 18:29:13,726 [trainer.py] => model_name: inflora
2025-11-23 18:29:13,726 [trainer.py] => net_type: sip
2025-11-23 18:29:13,726 [trainer.py] => backbone_type: vit_base_patch16_224
2025-11-23 18:29:13,726 [trainer.py] => pretrained: True
2025-11-23 18:29:13,726 [trainer.py] => embd_dim: 768
2025-11-23 18:29:13,726 [trainer.py] => num_heads: 12
2025-11-23 18:29:13,726 [trainer.py] => total_sessions: 10
2025-11-23 18:29:13,726 [trainer.py] => device: [device(type='cuda', index=0)]
2025-11-23 18:29:13,726 [trainer.py] => seed: 0
2025-11-23 18:29:13,726 [trainer.py] => EPSILON: 1e-08
2025-11-23 18:29:13,726 [trainer.py] => optim: adam
2025-11-23 18:29:13,726 [trainer.py] => init_epoch: 20
2025-11-23 18:29:13,727 [trainer.py] => init_lr: 0.0005
2025-11-23 18:29:13,727 [trainer.py] => init_lr_decay: 0.1
2025-11-23 18:29:13,727 [trainer.py] => init_weight_decay: 0.0
2025-11-23 18:29:13,727 [trainer.py] => epochs: 20
2025-11-23 18:29:13,727 [trainer.py] => lrate: 0.0005
2025-11-23 18:29:13,727 [trainer.py] => lrate_decay: 0.1
2025-11-23 18:29:13,727 [trainer.py] => batch_size: 128
2025-11-23 18:29:13,727 [trainer.py] => weight_decay: 0.0
2025-11-23 18:29:13,727 [trainer.py] => rank: 10
2025-11-23 18:29:13,727 [trainer.py] => lamb: 0.95
2025-11-23 18:29:13,727 [trainer.py] => lame: 1.0
2025-11-23 18:29:13,727 [trainer.py] => num_workers: 8
2025-11-23 18:29:15,924 [data_manager.py] => [0, 1, 2, 3, 4, 5, 6, 7, 8, 9, 10, 11, 12, 13, 14, 15, 16, 17, 18, 19, 20, 21, 22, 23, 24, 25, 26, 27, 28, 29, 30, 31, 32, 33, 34, 35, 36, 37, 38, 39, 40, 41, 42, 43, 44, 45, 46, 47, 48, 49, 50, 51, 52, 53, 54, 55, 56, 57, 58, 59, 60, 61, 62, 63, 64, 65, 66, 67, 68, 69, 70, 71, 72, 73, 74, 75, 76, 77, 78, 79, 80, 81, 82, 83, 84, 85, 86, 87, 88, 89, 90, 91, 92, 93, 94, 95, 96, 97, 98, 99]
2025-11-23 18:29:19,369 [sinet_inflora.py] => Using vit_base_patch16_224_in21k instead of vit_base_patch16_224 for better pretrained weights
2025-11-23 18:29:19,370 [sinet_inflora.py] => Creating SiNet with variant=vit_base_patch16_224_in21k, pretrained=True
2025-11-23 18:29:20,963 [sinet_inflora.py] => Loading pretrained weights for vit_base_patch16_224_in21k using timm...
2025-11-23 18:29:22,155 [_builder.py] => Loading pretrained weights from Hugging Face hub (timm/vit_base_patch16_224.augreg_in21k)
2025-11-23 18:29:22,776 [_hub.py] => [timm/vit_base_patch16_224.augreg_in21k] Safe alternative available for 'pytorch_model.bin' (as 'model.safetensors'). Loading weights using safetensors.
2025-11-23 18:29:23,280 [sinet_inflora.py] => Successfully loaded using direct import from timm.models.vision_transformer
2025-11-23 18:29:23,398 [sinet_inflora.py] => Missing keys (non-LoRA): ['cls_token_grow', 'pos_embed_grow', 'head.weight', 'head.bias']...
2025-11-23 18:29:23,399 [sinet_inflora.py] => Successfully loaded 150/150 pretrained weights for vit_base_patch16_224_in21k
2025-11-23 18:29:23,420 [trainer.py] => All params: 111194651
2025-11-23 18:29:23,422 [trainer.py] => Trainable params: 111194651
2025-11-23 18:29:23,423 [inflora.py] => Learning on 0-10
2025-11-23 18:29:49,867 [inflora.py] => Parameters to be updated: {'image_encoder.blocks.0.attn.lora_B_v.0.weight', 'image_encoder.blocks.7.attn.lora_B_k.0.weight', 'classifier_pool.0.bias', 'image_encoder.blocks.1.attn.lora_B_v.0.weight', 'image_encoder.blocks.9.attn.lora_B_k.0.weight', 'image_encoder.blocks.4.attn.lora_B_k.0.weight', 'image_encoder.blocks.7.attn.lora_B_v.0.weight', 'image_encoder.blocks.6.attn.lora_B_k.0.weight', 'image_encoder.blocks.3.attn.lora_B_v.0.weight', 'image_encoder.blocks.2.attn.lora_B_v.0.weight', 'image_encoder.blocks.11.attn.lora_B_v.0.weight', 'image_encoder.blocks.2.attn.lora_B_k.0.weight', 'image_encoder.blocks.6.attn.lora_B_v.0.weight', 'image_encoder.blocks.4.attn.lora_B_v.0.weight', 'image_encoder.blocks.9.attn.lora_B_v.0.weight', 'image_encoder.blocks.5.attn.lora_B_k.0.weight', 'image_encoder.blocks.11.attn.lora_B_k.0.weight', 'image_encoder.blocks.5.attn.lora_B_v.0.weight', 'image_encoder.blocks.3.attn.lora_B_k.0.weight', 'image_encoder.blocks.10.attn.lora_B_k.0.weight', 'image_encoder.blocks.0.attn.lora_B_k.0.weight', 'classifier_pool.0.weight', 'image_encoder.blocks.1.attn.lora_B_k.0.weight', 'image_encoder.blocks.10.attn.lora_B_v.0.weight', 'image_encoder.blocks.8.attn.lora_B_k.0.weight', 'image_encoder.blocks.8.attn.lora_B_v.0.weight'}
2025-11-23 18:41:54,222 [inflora.py] => Task 0, Epoch 20/20 => Loss 0.146, Train_accy 94.76
2025-11-23 18:42:13,510 [inflora.py] => Threshold: 0.95
2025-11-23 18:42:21,328 [inflora.py] => ----------------------------------------
2025-11-23 18:42:21,329 [inflora.py] => Gradient Constraints Summary
2025-11-23 18:42:21,330 [inflora.py] => ----------------------------------------
2025-11-23 18:42:21,330 [inflora.py] => 1 layer constraint size: 6
2025-11-23 18:42:21,330 [inflora.py] => 2 layer constraint size: 9
2025-11-23 18:42:21,330 [inflora.py] => 3 layer constraint size: 11
2025-11-23 18:42:21,330 [inflora.py] => 4 layer constraint size: 10
2025-11-23 18:42:21,330 [inflora.py] => 5 layer constraint size: 13
2025-11-23 18:42:21,330 [inflora.py] => 6 layer constraint size: 15
2025-11-23 18:42:21,330 [inflora.py] => 7 layer constraint size: 13
2025-11-23 18:42:21,330 [inflora.py] => 8 layer constraint size: 16
2025-11-23 18:42:21,331 [inflora.py] => 9 layer constraint size: 19
2025-11-23 18:42:21,331 [inflora.py] => 10 layer constraint size: 17
2025-11-23 18:42:21,331 [inflora.py] => 11 layer constraint size: 6
2025-11-23 18:42:21,331 [inflora.py] => 12 layer constraint size: 11
2025-11-27 13:05:47,531 [trainer.py] => config: exps/inflora_c100.json
2025-11-27 13:05:47,532 [trainer.py] => prefix: reproduce
2025-11-27 13:05:47,532 [trainer.py] => dataset: cifar224
2025-11-27 13:05:47,532 [trainer.py] => memory_size: 0
2025-11-27 13:05:47,532 [trainer.py] => memory_per_class: 0
2025-11-27 13:05:47,532 [trainer.py] => fixed_memory: True
2025-11-27 13:05:47,532 [trainer.py] => shuffle: False
2025-11-27 13:05:47,532 [trainer.py] => init_cls: 10
2025-11-27 13:05:47,532 [trainer.py] => increment: 10
2025-11-27 13:05:47,532 [trainer.py] => model_name: inflora
2025-11-27 13:05:47,532 [trainer.py] => net_type: sip
2025-11-27 13:05:47,532 [trainer.py] => backbone_type: vit_base_patch16_224
2025-11-27 13:05:47,532 [trainer.py] => pretrained: True
2025-11-27 13:05:47,532 [trainer.py] => embd_dim: 768
2025-11-27 13:05:47,532 [trainer.py] => num_heads: 12
2025-11-27 13:05:47,533 [trainer.py] => total_sessions: 10
2025-11-27 13:05:47,533 [trainer.py] => device: [device(type='cuda', index=0)]
2025-11-27 13:05:47,533 [trainer.py] => seed: 0
2025-11-27 13:05:47,533 [trainer.py] => EPSILON: 1e-08
2025-11-27 13:05:47,533 [trainer.py] => optim: adam
2025-11-27 13:05:47,533 [trainer.py] => init_epoch: 20
2025-11-27 13:05:47,533 [trainer.py] => init_lr: 0.0005
2025-11-27 13:05:47,533 [trainer.py] => init_lr_decay: 0.1
2025-11-27 13:05:47,533 [trainer.py] => init_weight_decay: 0.0
2025-11-27 13:05:47,533 [trainer.py] => epochs: 20
2025-11-27 13:05:47,533 [trainer.py] => lrate: 0.0005
2025-11-27 13:05:47,533 [trainer.py] => lrate_decay: 0.1
2025-11-27 13:05:47,533 [trainer.py] => batch_size: 128
2025-11-27 13:05:47,533 [trainer.py] => weight_decay: 0.0
2025-11-27 13:05:47,533 [trainer.py] => rank: 10
2025-11-27 13:05:47,533 [trainer.py] => lamb: 0.95
2025-11-27 13:05:47,533 [trainer.py] => lame: 1.0
2025-11-27 13:05:47,533 [trainer.py] => num_workers: 8
2025-11-27 13:05:49,578 [data_manager.py] => [0, 1, 2, 3, 4, 5, 6, 7, 8, 9, 10, 11, 12, 13, 14, 15, 16, 17, 18, 19, 20, 21, 22, 23, 24, 25, 26, 27, 28, 29, 30, 31, 32, 33, 34, 35, 36, 37, 38, 39, 40, 41, 42, 43, 44, 45, 46, 47, 48, 49, 50, 51, 52, 53, 54, 55, 56, 57, 58, 59, 60, 61, 62, 63, 64, 65, 66, 67, 68, 69, 70, 71, 72, 73, 74, 75, 76, 77, 78, 79, 80, 81, 82, 83, 84, 85, 86, 87, 88, 89, 90, 91, 92, 93, 94, 95, 96, 97, 98, 99]
2025-11-27 13:05:59,677 [sinet_inflora.py] => Using vit_base_patch16_224_in21k instead of vit_base_patch16_224 for better pretrained weights
2025-11-27 13:05:59,677 [sinet_inflora.py] => Creating SiNet with variant=vit_base_patch16_224_in21k, pretrained=True
2025-11-27 13:06:01,785 [sinet_inflora.py] => Loading pretrained weights for vit_base_patch16_224_in21k using timm...
2025-11-27 13:06:02,986 [_builder.py] => Loading pretrained weights from Hugging Face hub (timm/vit_base_patch16_224.augreg_in21k)
2025-11-27 13:06:03,494 [_hub.py] => [timm/vit_base_patch16_224.augreg_in21k] Safe alternative available for 'pytorch_model.bin' (as 'model.safetensors'). Loading weights using safetensors.
2025-11-27 13:06:09,141 [sinet_inflora.py] => Successfully loaded using direct import from timm.models.vision_transformer
2025-11-27 13:06:09,211 [sinet_inflora.py] => Missing keys (non-LoRA): ['cls_token_grow', 'pos_embed_grow', 'head.weight', 'head.bias']...
2025-11-27 13:06:09,211 [sinet_inflora.py] => Successfully loaded 150/150 pretrained weights for vit_base_patch16_224_in21k
2025-11-27 13:06:09,243 [trainer.py] => All params: 111194651
2025-11-27 13:06:09,245 [trainer.py] => Trainable params: 111194651
2025-11-27 13:06:09,245 [inflora.py] => Learning on 0-10
2025-11-27 13:06:33,037 [inflora.py] => Parameters to be updated: {'image_encoder.blocks.0.attn.lora_B_v.0.weight', 'image_encoder.blocks.6.attn.lora_B_k.0.weight', 'image_encoder.blocks.1.attn.lora_B_v.0.weight', 'classifier_pool.0.bias', 'image_encoder.blocks.1.attn.lora_B_k.0.weight', 'image_encoder.blocks.0.attn.lora_B_k.0.weight', 'image_encoder.blocks.11.attn.lora_B_v.0.weight', 'image_encoder.blocks.4.attn.lora_B_v.0.weight', 'image_encoder.blocks.4.attn.lora_B_k.0.weight', 'image_encoder.blocks.6.attn.lora_B_v.0.weight', 'image_encoder.blocks.9.attn.lora_B_k.0.weight', 'image_encoder.blocks.8.attn.lora_B_k.0.weight', 'image_encoder.blocks.10.attn.lora_B_v.0.weight', 'image_encoder.blocks.10.attn.lora_B_k.0.weight', 'image_encoder.blocks.8.attn.lora_B_v.0.weight', 'image_encoder.blocks.9.attn.lora_B_v.0.weight', 'image_encoder.blocks.7.attn.lora_B_v.0.weight', 'image_encoder.blocks.7.attn.lora_B_k.0.weight', 'classifier_pool.0.weight', 'image_encoder.blocks.3.attn.lora_B_k.0.weight', 'image_encoder.blocks.3.attn.lora_B_v.0.weight', 'image_encoder.blocks.5.attn.lora_B_v.0.weight', 'image_encoder.blocks.2.attn.lora_B_v.0.weight', 'image_encoder.blocks.11.attn.lora_B_k.0.weight', 'image_encoder.blocks.2.attn.lora_B_k.0.weight', 'image_encoder.blocks.5.attn.lora_B_k.0.weight'}
2025-11-27 13:18:02,433 [inflora.py] => Task 0, Epoch 20/20 => Loss 0.146, Train_accy 94.76
2025-11-27 13:18:19,953 [inflora.py] => Threshold: 0.95
2025-11-27 13:18:23,007 [inflora.py] => ----------------------------------------
2025-11-27 13:18:23,007 [inflora.py] => Gradient Constraints Summary
2025-11-27 13:18:23,008 [inflora.py] => ----------------------------------------
2025-11-27 13:18:23,008 [inflora.py] => 1 layer constraint size: 6
2025-11-27 13:18:23,008 [inflora.py] => 2 layer constraint size: 9
2025-11-27 13:18:23,008 [inflora.py] => 3 layer constraint size: 11
2025-11-27 13:18:23,008 [inflora.py] => 4 layer constraint size: 10
2025-11-27 13:18:23,008 [inflora.py] => 5 layer constraint size: 13
2025-11-27 13:18:23,008 [inflora.py] => 6 layer constraint size: 15
2025-11-27 13:18:23,008 [inflora.py] => 7 layer constraint size: 13
2025-11-27 13:18:23,008 [inflora.py] => 8 layer constraint size: 16
2025-11-27 13:18:23,008 [inflora.py] => 9 layer constraint size: 19
2025-11-27 13:18:23,008 [inflora.py] => 10 layer constraint size: 17
2025-11-27 13:18:23,008 [inflora.py] => 11 layer constraint size: 6
2025-11-27 13:18:23,008 [inflora.py] => 12 layer constraint size: 11
2025-11-27 13:43:09,672 [trainer.py] => config: exps/inflora_c100.json
2025-11-27 13:43:09,673 [trainer.py] => prefix: reproduce
2025-11-27 13:43:09,673 [trainer.py] => dataset: cifar224
2025-11-27 13:43:09,673 [trainer.py] => memory_size: 0
2025-11-27 13:43:09,673 [trainer.py] => memory_per_class: 0
2025-11-27 13:43:09,673 [trainer.py] => fixed_memory: True
2025-11-27 13:43:09,673 [trainer.py] => shuffle: False
2025-11-27 13:43:09,673 [trainer.py] => init_cls: 10
2025-11-27 13:43:09,673 [trainer.py] => increment: 10
2025-11-27 13:43:09,673 [trainer.py] => model_name: inflora
2025-11-27 13:43:09,673 [trainer.py] => net_type: sip
2025-11-27 13:43:09,673 [trainer.py] => backbone_type: vit_base_patch16_224
2025-11-27 13:43:09,674 [trainer.py] => pretrained: True
2025-11-27 13:43:09,674 [trainer.py] => embd_dim: 768
2025-11-27 13:43:09,674 [trainer.py] => num_heads: 12
2025-11-27 13:43:09,674 [trainer.py] => total_sessions: 10
2025-11-27 13:43:09,674 [trainer.py] => device: [device(type='cuda', index=0)]
2025-11-27 13:43:09,674 [trainer.py] => seed: 0
2025-11-27 13:43:09,674 [trainer.py] => EPSILON: 1e-08
2025-11-27 13:43:09,674 [trainer.py] => optim: adam
2025-11-27 13:43:09,674 [trainer.py] => init_epoch: 20
2025-11-27 13:43:09,674 [trainer.py] => init_lr: 0.0005
2025-11-27 13:43:09,674 [trainer.py] => init_lr_decay: 0.1
2025-11-27 13:43:09,674 [trainer.py] => init_weight_decay: 0.0
2025-11-27 13:43:09,675 [trainer.py] => epochs: 20
2025-11-27 13:43:09,675 [trainer.py] => lrate: 0.0005
2025-11-27 13:43:09,675 [trainer.py] => lrate_decay: 0.1
2025-11-27 13:43:09,675 [trainer.py] => batch_size: 128
2025-11-27 13:43:09,675 [trainer.py] => weight_decay: 0.0
2025-11-27 13:43:09,675 [trainer.py] => rank: 10
2025-11-27 13:43:09,675 [trainer.py] => lamb: 0.95
2025-11-27 13:43:09,675 [trainer.py] => lame: 1.0
2025-11-27 13:43:09,675 [trainer.py] => num_workers: 8
2025-11-27 13:43:11,811 [data_manager.py] => [0, 1, 2, 3, 4, 5, 6, 7, 8, 9, 10, 11, 12, 13, 14, 15, 16, 17, 18, 19, 20, 21, 22, 23, 24, 25, 26, 27, 28, 29, 30, 31, 32, 33, 34, 35, 36, 37, 38, 39, 40, 41, 42, 43, 44, 45, 46, 47, 48, 49, 50, 51, 52, 53, 54, 55, 56, 57, 58, 59, 60, 61, 62, 63, 64, 65, 66, 67, 68, 69, 70, 71, 72, 73, 74, 75, 76, 77, 78, 79, 80, 81, 82, 83, 84, 85, 86, 87, 88, 89, 90, 91, 92, 93, 94, 95, 96, 97, 98, 99]
2025-11-27 13:43:15,493 [sinet_inflora.py] => Using vit_base_patch16_224_in21k instead of vit_base_patch16_224 for better pretrained weights
2025-11-27 13:43:15,493 [sinet_inflora.py] => Creating SiNet with variant=vit_base_patch16_224_in21k, pretrained=True
2025-11-27 13:43:17,081 [sinet_inflora.py] => Loading pretrained weights for vit_base_patch16_224_in21k using timm...
2025-11-27 13:43:18,204 [_builder.py] => Loading pretrained weights from Hugging Face hub (timm/vit_base_patch16_224.augreg_in21k)
2025-11-27 13:43:18,992 [_hub.py] => [timm/vit_base_patch16_224.augreg_in21k] Safe alternative available for 'pytorch_model.bin' (as 'model.safetensors'). Loading weights using safetensors.
2025-11-27 13:43:19,744 [sinet_inflora.py] => Successfully loaded using direct import from timm.models.vision_transformer
2025-11-27 13:43:19,817 [sinet_inflora.py] => Missing keys (non-LoRA): ['cls_token_grow', 'pos_embed_grow', 'head.weight', 'head.bias']...
2025-11-27 13:43:19,817 [sinet_inflora.py] => Successfully loaded 150/150 pretrained weights for vit_base_patch16_224_in21k
2025-11-27 13:43:19,842 [trainer.py] => All params: 111194651
2025-11-27 13:43:19,844 [trainer.py] => Trainable params: 111194651
2025-11-27 13:43:19,844 [inflora.py] => Learning on 0-10
2025-11-27 13:43:44,611 [inflora.py] => Parameters to be updated: {'image_encoder.blocks.3.attn.lora_B_k.0.weight', 'image_encoder.blocks.7.attn.lora_B_k.0.weight', 'image_encoder.blocks.10.attn.lora_B_v.0.weight', 'image_encoder.blocks.4.attn.lora_B_v.0.weight', 'image_encoder.blocks.6.attn.lora_B_k.0.weight', 'image_encoder.blocks.3.attn.lora_B_v.0.weight', 'image_encoder.blocks.7.attn.lora_B_v.0.weight', 'image_encoder.blocks.11.attn.lora_B_v.0.weight', 'image_encoder.blocks.0.attn.lora_B_k.0.weight', 'image_encoder.blocks.1.attn.lora_B_v.0.weight', 'image_encoder.blocks.6.attn.lora_B_v.0.weight', 'image_encoder.blocks.5.attn.lora_B_k.0.weight', 'image_encoder.blocks.5.attn.lora_B_v.0.weight', 'classifier_pool.0.weight', 'image_encoder.blocks.10.attn.lora_B_k.0.weight', 'image_encoder.blocks.2.attn.lora_B_k.0.weight', 'classifier_pool.0.bias', 'image_encoder.blocks.0.attn.lora_B_v.0.weight', 'image_encoder.blocks.11.attn.lora_B_k.0.weight', 'image_encoder.blocks.9.attn.lora_B_v.0.weight', 'image_encoder.blocks.9.attn.lora_B_k.0.weight', 'image_encoder.blocks.2.attn.lora_B_v.0.weight', 'image_encoder.blocks.8.attn.lora_B_k.0.weight', 'image_encoder.blocks.8.attn.lora_B_v.0.weight', 'image_encoder.blocks.4.attn.lora_B_k.0.weight', 'image_encoder.blocks.1.attn.lora_B_k.0.weight'}
2025-11-27 13:55:11,130 [inflora.py] => Task 0, Epoch 20/20 => Loss 0.146, Train_accy 94.76
2025-11-27 13:55:29,045 [inflora.py] => Threshold: 0.95
2025-11-27 13:55:32,112 [inflora.py] => ----------------------------------------
2025-11-27 13:55:32,113 [inflora.py] => Gradient Constraints Summary
2025-11-27 13:55:32,113 [inflora.py] => ----------------------------------------
2025-11-27 13:55:32,113 [inflora.py] => 1 layer constraint size: 6
2025-11-27 13:55:32,113 [inflora.py] => 2 layer constraint size: 9
2025-11-27 13:55:32,113 [inflora.py] => 3 layer constraint size: 11
2025-11-27 13:55:32,113 [inflora.py] => 4 layer constraint size: 10
2025-11-27 13:55:32,113 [inflora.py] => 5 layer constraint size: 13
2025-11-27 13:55:32,113 [inflora.py] => 6 layer constraint size: 15
2025-11-27 13:55:32,113 [inflora.py] => 7 layer constraint size: 13
2025-11-27 13:55:32,113 [inflora.py] => 8 layer constraint size: 16
2025-11-27 13:55:32,114 [inflora.py] => 9 layer constraint size: 19
2025-11-27 13:55:32,114 [inflora.py] => 10 layer constraint size: 17
2025-11-27 13:55:32,114 [inflora.py] => 11 layer constraint size: 6
2025-11-27 13:55:32,114 [inflora.py] => 12 layer constraint size: 11
2025-11-27 14:03:25,879 [trainer.py] => config: exps/inflora_c100.json
2025-11-27 14:03:25,880 [trainer.py] => prefix: reproduce
2025-11-27 14:03:25,881 [trainer.py] => dataset: cifar224
2025-11-27 14:03:25,881 [trainer.py] => memory_size: 0
2025-11-27 14:03:25,881 [trainer.py] => memory_per_class: 0
2025-11-27 14:03:25,881 [trainer.py] => fixed_memory: True
2025-11-27 14:03:25,881 [trainer.py] => shuffle: False
2025-11-27 14:03:25,881 [trainer.py] => init_cls: 10
2025-11-27 14:03:25,881 [trainer.py] => increment: 10
2025-11-27 14:03:25,881 [trainer.py] => model_name: inflora
2025-11-27 14:03:25,881 [trainer.py] => net_type: sip
2025-11-27 14:03:25,881 [trainer.py] => backbone_type: vit_base_patch16_224
2025-11-27 14:03:25,881 [trainer.py] => pretrained: True
2025-11-27 14:03:25,881 [trainer.py] => embd_dim: 768
2025-11-27 14:03:25,881 [trainer.py] => num_heads: 12
2025-11-27 14:03:25,881 [trainer.py] => total_sessions: 10
2025-11-27 14:03:25,881 [trainer.py] => device: [device(type='cuda', index=0)]
2025-11-27 14:03:25,882 [trainer.py] => seed: 0
2025-11-27 14:03:25,882 [trainer.py] => EPSILON: 1e-08
2025-11-27 14:03:25,882 [trainer.py] => optim: adam
2025-11-27 14:03:25,882 [trainer.py] => init_epoch: 20
2025-11-27 14:03:25,882 [trainer.py] => init_lr: 0.0005
2025-11-27 14:03:25,882 [trainer.py] => init_lr_decay: 0.1
2025-11-27 14:03:25,882 [trainer.py] => init_weight_decay: 0.0
2025-11-27 14:03:25,882 [trainer.py] => epochs: 20
2025-11-27 14:03:25,882 [trainer.py] => lrate: 0.0005
2025-11-27 14:03:25,882 [trainer.py] => lrate_decay: 0.1
2025-11-27 14:03:25,882 [trainer.py] => batch_size: 128
2025-11-27 14:03:25,883 [trainer.py] => weight_decay: 0.0
2025-11-27 14:03:25,883 [trainer.py] => rank: 10
2025-11-27 14:03:25,883 [trainer.py] => lamb: 0.95
2025-11-27 14:03:25,883 [trainer.py] => lame: 1.0
2025-11-27 14:03:25,883 [trainer.py] => num_workers: 8
2025-11-27 14:03:30,849 [data_manager.py] => [0, 1, 2, 3, 4, 5, 6, 7, 8, 9, 10, 11, 12, 13, 14, 15, 16, 17, 18, 19, 20, 21, 22, 23, 24, 25, 26, 27, 28, 29, 30, 31, 32, 33, 34, 35, 36, 37, 38, 39, 40, 41, 42, 43, 44, 45, 46, 47, 48, 49, 50, 51, 52, 53, 54, 55, 56, 57, 58, 59, 60, 61, 62, 63, 64, 65, 66, 67, 68, 69, 70, 71, 72, 73, 74, 75, 76, 77, 78, 79, 80, 81, 82, 83, 84, 85, 86, 87, 88, 89, 90, 91, 92, 93, 94, 95, 96, 97, 98, 99]
2025-11-27 14:03:39,760 [sinet_inflora.py] => Using vit_base_patch16_224_in21k instead of vit_base_patch16_224 for better pretrained weights
2025-11-27 14:03:39,761 [sinet_inflora.py] => Creating SiNet with variant=vit_base_patch16_224_in21k, pretrained=True
2025-11-27 14:03:41,568 [sinet_inflora.py] => Loading pretrained weights for vit_base_patch16_224_in21k using timm...
2025-11-27 14:03:42,910 [_builder.py] => Loading pretrained weights from Hugging Face hub (timm/vit_base_patch16_224.augreg_in21k)
2025-11-27 14:03:43,331 [_hub.py] => [timm/vit_base_patch16_224.augreg_in21k] Safe alternative available for 'pytorch_model.bin' (as 'model.safetensors'). Loading weights using safetensors.
2025-11-27 14:03:43,754 [sinet_inflora.py] => Successfully loaded using direct import from timm.models.vision_transformer
2025-11-27 14:03:43,779 [sinet_inflora.py] => Missing keys (non-LoRA): ['cls_token_grow', 'pos_embed_grow', 'head.weight', 'head.bias']...
2025-11-27 14:03:43,779 [sinet_inflora.py] => Successfully loaded 150/150 pretrained weights for vit_base_patch16_224_in21k
2025-11-27 14:03:43,801 [trainer.py] => All params: 111194651
2025-11-27 14:03:43,803 [trainer.py] => Trainable params: 111194651
2025-11-27 14:03:43,804 [inflora.py] => Learning on 0-10
2025-11-27 14:04:09,336 [inflora.py] => Parameters to be updated: {'image_encoder.blocks.5.attn.lora_B_v.0.weight', 'classifier_pool.0.weight', 'image_encoder.blocks.1.attn.lora_B_v.0.weight', 'image_encoder.blocks.4.attn.lora_B_k.0.weight', 'image_encoder.blocks.11.attn.lora_B_k.0.weight', 'image_encoder.blocks.0.attn.lora_B_v.0.weight', 'image_encoder.blocks.5.attn.lora_B_k.0.weight', 'image_encoder.blocks.4.attn.lora_B_v.0.weight', 'image_encoder.blocks.0.attn.lora_B_k.0.weight', 'image_encoder.blocks.8.attn.lora_B_k.0.weight', 'image_encoder.blocks.2.attn.lora_B_v.0.weight', 'image_encoder.blocks.7.attn.lora_B_k.0.weight', 'image_encoder.blocks.10.attn.lora_B_v.0.weight', 'image_encoder.blocks.9.attn.lora_B_v.0.weight', 'image_encoder.blocks.2.attn.lora_B_k.0.weight', 'image_encoder.blocks.1.attn.lora_B_k.0.weight', 'image_encoder.blocks.6.attn.lora_B_v.0.weight', 'image_encoder.blocks.6.attn.lora_B_k.0.weight', 'classifier_pool.0.bias', 'image_encoder.blocks.9.attn.lora_B_k.0.weight', 'image_encoder.blocks.7.attn.lora_B_v.0.weight', 'image_encoder.blocks.3.attn.lora_B_k.0.weight', 'image_encoder.blocks.11.attn.lora_B_v.0.weight', 'image_encoder.blocks.8.attn.lora_B_v.0.weight', 'image_encoder.blocks.10.attn.lora_B_k.0.weight', 'image_encoder.blocks.3.attn.lora_B_v.0.weight'}
