2025-11-23 14:48:02,003 [trainer.py] => config: exps/sdlora.json
2025-11-23 14:48:02,004 [trainer.py] => prefix: reproduce
2025-11-23 14:48:02,005 [trainer.py] => dataset: cifar224
2025-11-23 14:48:02,005 [trainer.py] => memory_size: 0
2025-11-23 14:48:02,005 [trainer.py] => memory_per_class: 0
2025-11-23 14:48:02,005 [trainer.py] => fixed_memory: False
2025-11-23 14:48:02,005 [trainer.py] => shuffle: True
2025-11-23 14:48:02,005 [trainer.py] => init_cls: 10
2025-11-23 14:48:02,005 [trainer.py] => increment: 10
2025-11-23 14:48:02,005 [trainer.py] => model_name: sdlora
2025-11-23 14:48:02,005 [trainer.py] => backbone_type: vit_base_patch16_224
2025-11-23 14:48:02,006 [trainer.py] => device: [device(type='cuda', index=0)]
2025-11-23 14:48:02,006 [trainer.py] => seed: 1993
2025-11-23 14:48:02,006 [trainer.py] => scheduler: cosine
2025-11-23 14:48:02,006 [trainer.py] => min_lr: 0.005
2025-11-23 14:48:02,006 [trainer.py] => tuned_epoch: 20
2025-11-23 14:48:02,006 [trainer.py] => filepath: ./checkpoints/sdlora/cifar100/
2025-11-23 14:48:02,006 [trainer.py] => lora_rank: 10
2025-11-23 14:48:02,007 [trainer.py] => init_epoch: 20
2025-11-23 14:48:02,007 [trainer.py] => init_lr: 0.008
2025-11-23 14:48:02,007 [trainer.py] => init_milestones: [60, 120, 170]
2025-11-23 14:48:02,007 [trainer.py] => init_lr_decay: 0.1
2025-11-23 14:48:02,007 [trainer.py] => init_weight_decay: 0.0005
2025-11-23 14:48:02,007 [trainer.py] => epochs: 20
2025-11-23 14:48:02,007 [trainer.py] => lrate: 0.008
2025-11-23 14:48:02,007 [trainer.py] => milestones: [40, 70]
2025-11-23 14:48:02,007 [trainer.py] => lrate_decay: 0.0
2025-11-23 14:48:02,007 [trainer.py] => batch_size: 128
2025-11-23 14:48:02,007 [trainer.py] => weight_decay: 0.0002
2025-11-23 14:48:05,262 [data_manager.py] => [68, 56, 78, 8, 23, 84, 90, 65, 74, 76, 40, 89, 3, 92, 55, 9, 26, 80, 43, 38, 58, 70, 77, 1, 85, 19, 17, 50, 28, 53, 13, 81, 45, 82, 6, 59, 83, 16, 15, 44, 91, 41, 72, 60, 79, 52, 20, 10, 31, 54, 37, 95, 14, 71, 96, 98, 97, 2, 64, 66, 42, 22, 35, 86, 24, 34, 87, 21, 99, 0, 88, 27, 18, 94, 11, 12, 47, 25, 30, 46, 62, 69, 36, 61, 7, 63, 75, 5, 32, 4, 51, 48, 73, 93, 39, 67, 29, 49, 57, 33]
2025-11-23 14:48:08,069 [_builder.py] => Loading pretrained weights from Hugging Face hub (timm/vit_base_patch16_224.augreg2_in21k_ft_in1k)
2025-11-23 14:48:08,627 [_hub.py] => [timm/vit_base_patch16_224.augreg2_in21k_ft_in1k] Safe alternative available for 'pytorch_model.bin' (as 'model.safetensors'). Loading weights using safetensors.
2025-11-23 14:48:10,144 [trainer.py] => All params: 171965973
2025-11-23 14:48:10,146 [trainer.py] => Trainable params: 368661
2025-11-23 14:48:10,147 [sdlora.py] => Learning on 0-10
2025-11-23 14:58:49,320 [sdlora.py] => Task 0, Epoch 20/20 => Loss 0.182, Train_accy 94.24
2025-11-23 14:58:53,137 [trainer.py] => No NME accuracy.
2025-11-23 14:58:53,138 [trainer.py] => CNN: {'total': np.float64(98.9), '00-09': np.float64(98.9), 'old': 0, 'new': np.float64(98.9)}
2025-11-23 14:58:53,138 [trainer.py] => CNN top1 curve: [np.float64(98.9)]
2025-11-23 14:58:53,138 [trainer.py] => CNN top5 curve: [np.float64(100.0)]

2025-11-23 14:58:53,138 [trainer.py] => Average Accuracy (CNN): 98.9 

2025-11-23 14:58:53,142 [trainer.py] => All params: 171973663
2025-11-23 14:58:53,145 [trainer.py] => Trainable params: 376351
2025-11-23 14:58:53,147 [sdlora.py] => Learning on 10-20
2025-11-23 14:58:55,189 [_builder.py] => Loading pretrained weights from Hugging Face hub (timm/vit_base_patch16_224.augreg2_in21k_ft_in1k)
2025-11-23 14:58:56,564 [_hub.py] => [timm/vit_base_patch16_224.augreg2_in21k_ft_in1k] Safe alternative available for 'pytorch_model.bin' (as 'model.safetensors'). Loading weights using safetensors.
2025-11-27 06:58:35,988 [trainer.py] => config: exps/sdlora.json
2025-11-27 06:58:35,989 [trainer.py] => prefix: reproduce
2025-11-27 06:58:35,989 [trainer.py] => dataset: cifar224
2025-11-27 06:58:35,989 [trainer.py] => memory_size: 0
2025-11-27 06:58:35,989 [trainer.py] => memory_per_class: 0
2025-11-27 06:58:35,989 [trainer.py] => fixed_memory: False
2025-11-27 06:58:35,989 [trainer.py] => shuffle: True
2025-11-27 06:58:35,989 [trainer.py] => init_cls: 10
2025-11-27 06:58:35,989 [trainer.py] => increment: 10
2025-11-27 06:58:35,989 [trainer.py] => model_name: sdlora
2025-11-27 06:58:35,989 [trainer.py] => backbone_type: vit_base_patch16_224
2025-11-27 06:58:35,989 [trainer.py] => device: [device(type='cuda', index=0)]
2025-11-27 06:58:35,989 [trainer.py] => seed: 1993
2025-11-27 06:58:35,989 [trainer.py] => scheduler: cosine
2025-11-27 06:58:35,989 [trainer.py] => min_lr: 0.005
2025-11-27 06:58:35,989 [trainer.py] => tuned_epoch: 20
2025-11-27 06:58:35,989 [trainer.py] => filepath: ./checkpoints/sdlora/cifar100/
2025-11-27 06:58:35,989 [trainer.py] => lora_rank: 10
2025-11-27 06:58:35,989 [trainer.py] => init_epoch: 20
2025-11-27 06:58:35,989 [trainer.py] => init_lr: 0.008
2025-11-27 06:58:35,989 [trainer.py] => init_milestones: [60, 120, 170]
2025-11-27 06:58:35,990 [trainer.py] => init_lr_decay: 0.1
2025-11-27 06:58:35,990 [trainer.py] => init_weight_decay: 0.0005
2025-11-27 06:58:35,990 [trainer.py] => epochs: 20
2025-11-27 06:58:35,990 [trainer.py] => lrate: 0.008
2025-11-27 06:58:35,990 [trainer.py] => milestones: [40, 70]
2025-11-27 06:58:35,990 [trainer.py] => lrate_decay: 0.0
2025-11-27 06:58:35,990 [trainer.py] => batch_size: 128
2025-11-27 06:58:35,990 [trainer.py] => weight_decay: 0.0002
2025-11-27 06:58:37,975 [data_manager.py] => [68, 56, 78, 8, 23, 84, 90, 65, 74, 76, 40, 89, 3, 92, 55, 9, 26, 80, 43, 38, 58, 70, 77, 1, 85, 19, 17, 50, 28, 53, 13, 81, 45, 82, 6, 59, 83, 16, 15, 44, 91, 41, 72, 60, 79, 52, 20, 10, 31, 54, 37, 95, 14, 71, 96, 98, 97, 2, 64, 66, 42, 22, 35, 86, 24, 34, 87, 21, 99, 0, 88, 27, 18, 94, 11, 12, 47, 25, 30, 46, 62, 69, 36, 61, 7, 63, 75, 5, 32, 4, 51, 48, 73, 93, 39, 67, 29, 49, 57, 33]
2025-11-27 06:58:40,173 [_builder.py] => Loading pretrained weights from Hugging Face hub (timm/vit_base_patch16_224.augreg2_in21k_ft_in1k)
2025-11-27 06:58:40,495 [_hub.py] => [timm/vit_base_patch16_224.augreg2_in21k_ft_in1k] Safe alternative available for 'pytorch_model.bin' (as 'model.safetensors'). Loading weights using safetensors.
2025-11-27 06:58:41,824 [trainer.py] => All params: 171965973
2025-11-27 06:58:41,825 [trainer.py] => Trainable params: 368661
2025-11-27 06:58:41,825 [sdlora.py] => Learning on 0-10
2025-11-27 07:08:35,816 [sdlora.py] => Task 0, Epoch 20/20 => Loss 0.181, Train_accy 94.16
2025-11-27 07:08:39,129 [trainer.py] => No NME accuracy.
2025-11-27 07:08:39,129 [trainer.py] => CNN: {'total': np.float64(99.0), '00-09': np.float64(99.0), 'old': 0, 'new': np.float64(99.0)}
2025-11-27 07:08:39,129 [trainer.py] => CNN top1 curve: [np.float64(99.0)]
2025-11-27 07:08:39,129 [trainer.py] => CNN top5 curve: [np.float64(100.0)]

2025-11-27 07:08:39,129 [trainer.py] => Average Accuracy (CNN): 99.0 

2025-11-27 07:08:39,131 [trainer.py] => All params: 171973663
2025-11-27 07:08:39,133 [trainer.py] => Trainable params: 376351
2025-11-27 07:08:39,136 [sdlora.py] => Learning on 10-20
2025-11-27 07:08:40,346 [_builder.py] => Loading pretrained weights from Hugging Face hub (timm/vit_base_patch16_224.augreg2_in21k_ft_in1k)
2025-11-27 07:08:40,940 [_hub.py] => [timm/vit_base_patch16_224.augreg2_in21k_ft_in1k] Safe alternative available for 'pytorch_model.bin' (as 'model.safetensors'). Loading weights using safetensors.
2025-11-27 07:15:52,230 [trainer.py] => config: exps/sdlora.json
2025-11-27 07:15:52,232 [trainer.py] => prefix: reproduce
2025-11-27 07:15:52,232 [trainer.py] => dataset: cifar224
2025-11-27 07:15:52,232 [trainer.py] => memory_size: 0
2025-11-27 07:15:52,232 [trainer.py] => memory_per_class: 0
2025-11-27 07:15:52,232 [trainer.py] => fixed_memory: False
2025-11-27 07:15:52,232 [trainer.py] => shuffle: True
2025-11-27 07:15:52,232 [trainer.py] => init_cls: 10
2025-11-27 07:15:52,232 [trainer.py] => increment: 10
2025-11-27 07:15:52,232 [trainer.py] => model_name: sdlora
2025-11-27 07:15:52,232 [trainer.py] => backbone_type: vit_base_patch16_224
2025-11-27 07:15:52,232 [trainer.py] => device: [device(type='cuda', index=0)]
2025-11-27 07:15:52,232 [trainer.py] => seed: 1993
2025-11-27 07:15:52,232 [trainer.py] => scheduler: cosine
2025-11-27 07:15:52,232 [trainer.py] => min_lr: 0.005
2025-11-27 07:15:52,232 [trainer.py] => tuned_epoch: 20
2025-11-27 07:15:52,233 [trainer.py] => filepath: ./checkpoints/sdlora/cifar100/
2025-11-27 07:15:52,233 [trainer.py] => lora_rank: 10
2025-11-27 07:15:52,233 [trainer.py] => init_epoch: 20
2025-11-27 07:15:52,233 [trainer.py] => init_lr: 0.008
2025-11-27 07:15:52,233 [trainer.py] => init_milestones: [60, 120, 170]
2025-11-27 07:15:52,233 [trainer.py] => init_lr_decay: 0.1
2025-11-27 07:15:52,233 [trainer.py] => init_weight_decay: 0.0005
2025-11-27 07:15:52,233 [trainer.py] => epochs: 20
2025-11-27 07:15:52,233 [trainer.py] => lrate: 0.008
2025-11-27 07:15:52,233 [trainer.py] => milestones: [40, 70]
2025-11-27 07:15:52,233 [trainer.py] => lrate_decay: 0.0
2025-11-27 07:15:52,233 [trainer.py] => batch_size: 128
2025-11-27 07:15:52,233 [trainer.py] => weight_decay: 0.0002
2025-11-27 07:15:54,768 [data_manager.py] => [68, 56, 78, 8, 23, 84, 90, 65, 74, 76, 40, 89, 3, 92, 55, 9, 26, 80, 43, 38, 58, 70, 77, 1, 85, 19, 17, 50, 28, 53, 13, 81, 45, 82, 6, 59, 83, 16, 15, 44, 91, 41, 72, 60, 79, 52, 20, 10, 31, 54, 37, 95, 14, 71, 96, 98, 97, 2, 64, 66, 42, 22, 35, 86, 24, 34, 87, 21, 99, 0, 88, 27, 18, 94, 11, 12, 47, 25, 30, 46, 62, 69, 36, 61, 7, 63, 75, 5, 32, 4, 51, 48, 73, 93, 39, 67, 29, 49, 57, 33]
2025-11-27 07:15:56,965 [_builder.py] => Loading pretrained weights from Hugging Face hub (timm/vit_base_patch16_224.augreg2_in21k_ft_in1k)
2025-11-27 07:15:57,485 [_hub.py] => [timm/vit_base_patch16_224.augreg2_in21k_ft_in1k] Safe alternative available for 'pytorch_model.bin' (as 'model.safetensors'). Loading weights using safetensors.
2025-11-27 07:15:58,768 [trainer.py] => All params: 171965973
2025-11-27 07:15:58,769 [trainer.py] => Trainable params: 368661
2025-11-27 07:15:58,770 [sdlora.py] => Learning on 0-10
2025-11-27 07:25:56,249 [sdlora.py] => Task 0, Epoch 20/20 => Loss 0.182, Train_accy 94.18
2025-11-27 07:25:59,715 [trainer.py] => No NME accuracy.
2025-11-27 07:25:59,716 [trainer.py] => CNN: {'total': np.float64(99.0), '00-09': np.float64(99.0), 'old': 0, 'new': np.float64(99.0)}
2025-11-27 07:25:59,716 [trainer.py] => CNN top1 curve: [np.float64(99.0)]
2025-11-27 07:25:59,716 [trainer.py] => CNN top5 curve: [np.float64(100.0)]

2025-11-27 07:25:59,717 [trainer.py] => Average Accuracy (CNN): 99.0 

2025-11-27 07:25:59,719 [trainer.py] => All params: 171973663
2025-11-27 07:25:59,720 [trainer.py] => Trainable params: 376351
2025-11-27 07:25:59,721 [sdlora.py] => Learning on 10-20
2025-11-27 07:26:00,916 [_builder.py] => Loading pretrained weights from Hugging Face hub (timm/vit_base_patch16_224.augreg2_in21k_ft_in1k)
2025-11-27 07:26:01,280 [_hub.py] => [timm/vit_base_patch16_224.augreg2_in21k_ft_in1k] Safe alternative available for 'pytorch_model.bin' (as 'model.safetensors'). Loading weights using safetensors.
2025-11-27 07:36:55,399 [sdlora.py] => Task 1, Epoch 20/20 => Loss 0.225, Train_accy 85.50
2025-11-27 07:37:01,981 [trainer.py] => No NME accuracy.
2025-11-27 07:37:01,982 [trainer.py] => CNN: {'total': np.float64(96.25), '00-09': np.float64(96.9), '10-19': np.float64(95.6), 'old': np.float64(96.9), 'new': np.float64(95.6)}
2025-11-27 07:37:01,982 [trainer.py] => CNN top1 curve: [np.float64(99.0), np.float64(96.25)]
2025-11-27 07:37:01,983 [trainer.py] => CNN top5 curve: [np.float64(100.0), np.float64(99.8)]

2025-11-27 07:37:01,983 [trainer.py] => Average Accuracy (CNN): 97.625 

2025-11-27 07:37:01,985 [trainer.py] => All params: 171981353
2025-11-27 07:37:01,986 [trainer.py] => Trainable params: 384041
2025-11-27 07:37:01,990 [sdlora.py] => Learning on 20-30
2025-11-27 07:37:03,752 [_builder.py] => Loading pretrained weights from Hugging Face hub (timm/vit_base_patch16_224.augreg2_in21k_ft_in1k)
2025-11-27 07:37:04,273 [_hub.py] => [timm/vit_base_patch16_224.augreg2_in21k_ft_in1k] Safe alternative available for 'pytorch_model.bin' (as 'model.safetensors'). Loading weights using safetensors.
2025-11-27 07:48:33,801 [sdlora.py] => Task 2, Epoch 20/20 => Loss 0.136, Train_accy 89.92
2025-11-27 07:48:43,223 [trainer.py] => No NME accuracy.
2025-11-27 07:48:43,223 [trainer.py] => CNN: {'total': np.float64(94.57), '00-09': np.float64(93.4), '10-19': np.float64(92.8), '20-29': np.float64(97.5), 'old': np.float64(93.1), 'new': np.float64(97.5)}
2025-11-27 07:48:43,223 [trainer.py] => CNN top1 curve: [np.float64(99.0), np.float64(96.25), np.float64(94.57)]
2025-11-27 07:48:43,223 [trainer.py] => CNN top5 curve: [np.float64(100.0), np.float64(99.8), np.float64(99.5)]

2025-11-27 07:48:43,223 [trainer.py] => Average Accuracy (CNN): 96.60666666666667 

2025-11-27 07:48:43,227 [trainer.py] => All params: 171989043
2025-11-27 07:48:43,229 [trainer.py] => Trainable params: 391731
2025-11-27 07:48:43,230 [sdlora.py] => Learning on 30-40
2025-11-27 07:48:44,631 [_builder.py] => Loading pretrained weights from Hugging Face hub (timm/vit_base_patch16_224.augreg2_in21k_ft_in1k)
2025-11-27 07:48:45,142 [_hub.py] => [timm/vit_base_patch16_224.augreg2_in21k_ft_in1k] Safe alternative available for 'pytorch_model.bin' (as 'model.safetensors'). Loading weights using safetensors.
2025-11-27 08:00:57,321 [sdlora.py] => Task 3, Epoch 20/20 => Loss 0.164, Train_accy 87.58
2025-11-27 08:01:10,029 [trainer.py] => No NME accuracy.
2025-11-27 08:01:10,029 [trainer.py] => CNN: {'total': np.float64(93.3), '00-09': np.float64(90.8), '10-19': np.float64(90.9), '20-29': np.float64(97.2), '30-39': np.float64(94.3), 'old': np.float64(92.97), 'new': np.float64(94.3)}
2025-11-27 08:01:10,029 [trainer.py] => CNN top1 curve: [np.float64(99.0), np.float64(96.25), np.float64(94.57), np.float64(93.3)]
2025-11-27 08:01:10,029 [trainer.py] => CNN top5 curve: [np.float64(100.0), np.float64(99.8), np.float64(99.5), np.float64(99.38)]

2025-11-27 08:01:10,029 [trainer.py] => Average Accuracy (CNN): 95.78 

2025-11-27 08:01:10,031 [trainer.py] => All params: 171996733
2025-11-27 08:01:10,033 [trainer.py] => Trainable params: 399421
2025-11-27 08:01:10,036 [sdlora.py] => Learning on 40-50
2025-11-27 08:01:11,319 [_builder.py] => Loading pretrained weights from Hugging Face hub (timm/vit_base_patch16_224.augreg2_in21k_ft_in1k)
2025-11-27 08:01:11,651 [_hub.py] => [timm/vit_base_patch16_224.augreg2_in21k_ft_in1k] Safe alternative available for 'pytorch_model.bin' (as 'model.safetensors'). Loading weights using safetensors.
2025-11-27 08:14:17,459 [sdlora.py] => Task 4, Epoch 20/20 => Loss 0.149, Train_accy 82.20
2025-11-27 08:14:33,555 [trainer.py] => No NME accuracy.
2025-11-27 08:14:33,558 [trainer.py] => CNN: {'total': np.float64(91.4), '00-09': np.float64(87.8), '10-19': np.float64(88.1), '20-29': np.float64(96.4), '30-39': np.float64(92.3), '40-49': np.float64(92.4), 'old': np.float64(91.15), 'new': np.float64(92.4)}
2025-11-27 08:14:33,559 [trainer.py] => CNN top1 curve: [np.float64(99.0), np.float64(96.25), np.float64(94.57), np.float64(93.3), np.float64(91.4)]
2025-11-27 08:14:33,559 [trainer.py] => CNN top5 curve: [np.float64(100.0), np.float64(99.8), np.float64(99.5), np.float64(99.38), np.float64(99.34)]

2025-11-27 08:14:33,561 [trainer.py] => Average Accuracy (CNN): 94.904 

2025-11-27 08:14:33,563 [trainer.py] => All params: 172004423
2025-11-27 08:14:33,564 [trainer.py] => Trainable params: 407111
2025-11-27 08:14:33,567 [sdlora.py] => Learning on 50-60
2025-11-27 08:14:35,584 [_builder.py] => Loading pretrained weights from Hugging Face hub (timm/vit_base_patch16_224.augreg2_in21k_ft_in1k)
2025-11-27 08:14:36,010 [_hub.py] => [timm/vit_base_patch16_224.augreg2_in21k_ft_in1k] Safe alternative available for 'pytorch_model.bin' (as 'model.safetensors'). Loading weights using safetensors.
2025-11-27 08:28:23,313 [sdlora.py] => Task 5, Epoch 20/20 => Loss 0.172, Train_accy 81.50
2025-11-27 08:28:43,262 [trainer.py] => No NME accuracy.
2025-11-27 08:28:43,265 [trainer.py] => CNN: {'total': np.float64(90.25), '00-09': np.float64(85.2), '10-19': np.float64(87.1), '20-29': np.float64(95.6), '30-39': np.float64(92.2), '40-49': np.float64(92.2), '50-59': np.float64(89.2), 'old': np.float64(90.46), 'new': np.float64(89.2)}
2025-11-27 08:28:43,265 [trainer.py] => CNN top1 curve: [np.float64(99.0), np.float64(96.25), np.float64(94.57), np.float64(93.3), np.float64(91.4), np.float64(90.25)]
2025-11-27 08:28:43,265 [trainer.py] => CNN top5 curve: [np.float64(100.0), np.float64(99.8), np.float64(99.5), np.float64(99.38), np.float64(99.34), np.float64(99.18)]

2025-11-27 08:28:43,265 [trainer.py] => Average Accuracy (CNN): 94.12833333333333 

2025-11-27 08:28:43,267 [trainer.py] => All params: 172012113
2025-11-27 08:28:43,269 [trainer.py] => Trainable params: 414801
2025-11-27 08:28:43,272 [sdlora.py] => Learning on 60-70
2025-11-27 08:28:47,244 [_builder.py] => Loading pretrained weights from Hugging Face hub (timm/vit_base_patch16_224.augreg2_in21k_ft_in1k)
2025-11-27 08:28:48,074 [_hub.py] => [timm/vit_base_patch16_224.augreg2_in21k_ft_in1k] Safe alternative available for 'pytorch_model.bin' (as 'model.safetensors'). Loading weights using safetensors.
2025-11-27 08:44:03,264 [sdlora.py] => Task 6, Epoch 20/20 => Loss 0.146, Train_accy 83.84
2025-11-27 08:44:27,556 [trainer.py] => No NME accuracy.
2025-11-27 08:44:27,557 [trainer.py] => CNN: {'total': np.float64(90.07), '00-09': np.float64(84.0), '10-19': np.float64(86.4), '20-29': np.float64(95.1), '30-39': np.float64(91.0), '40-49': np.float64(91.6), '50-59': np.float64(87.7), '60-69': np.float64(94.7), 'old': np.float64(89.3), 'new': np.float64(94.7)}
2025-11-27 08:44:27,557 [trainer.py] => CNN top1 curve: [np.float64(99.0), np.float64(96.25), np.float64(94.57), np.float64(93.3), np.float64(91.4), np.float64(90.25), np.float64(90.07)]
2025-11-27 08:44:27,557 [trainer.py] => CNN top5 curve: [np.float64(100.0), np.float64(99.8), np.float64(99.5), np.float64(99.38), np.float64(99.34), np.float64(99.18), np.float64(99.11)]

2025-11-27 08:44:27,557 [trainer.py] => Average Accuracy (CNN): 93.54857142857142 

2025-11-27 08:44:27,559 [trainer.py] => All params: 172019803
2025-11-27 08:44:27,561 [trainer.py] => Trainable params: 422491
2025-11-27 08:44:27,572 [sdlora.py] => Learning on 70-80
2025-11-27 08:44:29,436 [_builder.py] => Loading pretrained weights from Hugging Face hub (timm/vit_base_patch16_224.augreg2_in21k_ft_in1k)
2025-11-27 08:44:29,948 [_hub.py] => [timm/vit_base_patch16_224.augreg2_in21k_ft_in1k] Safe alternative available for 'pytorch_model.bin' (as 'model.safetensors'). Loading weights using safetensors.
2025-11-27 08:59:58,985 [sdlora.py] => Task 7, Epoch 20/20 => Loss 0.178, Train_accy 73.22
2025-11-27 09:00:28,012 [trainer.py] => No NME accuracy.
2025-11-27 09:00:28,020 [trainer.py] => CNN: {'total': np.float64(88.02), '00-09': np.float64(84.1), '10-19': np.float64(85.1), '20-29': np.float64(94.7), '30-39': np.float64(91.2), '40-49': np.float64(89.4), '50-59': np.float64(85.2), '60-69': np.float64(92.0), '70-79': np.float64(82.5), 'old': np.float64(88.81), 'new': np.float64(82.5)}
2025-11-27 09:00:28,021 [trainer.py] => CNN top1 curve: [np.float64(99.0), np.float64(96.25), np.float64(94.57), np.float64(93.3), np.float64(91.4), np.float64(90.25), np.float64(90.07), np.float64(88.02)]
2025-11-27 09:00:28,021 [trainer.py] => CNN top5 curve: [np.float64(100.0), np.float64(99.8), np.float64(99.5), np.float64(99.38), np.float64(99.34), np.float64(99.18), np.float64(99.11), np.float64(99.14)]

2025-11-27 09:00:28,025 [trainer.py] => Average Accuracy (CNN): 92.85749999999999 

2025-11-27 09:00:28,027 [trainer.py] => All params: 172027493
2025-11-27 09:00:28,029 [trainer.py] => Trainable params: 430181
2025-11-27 09:00:28,032 [sdlora.py] => Learning on 80-90
2025-11-27 09:00:29,557 [_builder.py] => Loading pretrained weights from Hugging Face hub (timm/vit_base_patch16_224.augreg2_in21k_ft_in1k)
2025-11-27 09:00:29,951 [_hub.py] => [timm/vit_base_patch16_224.augreg2_in21k_ft_in1k] Safe alternative available for 'pytorch_model.bin' (as 'model.safetensors'). Loading weights using safetensors.
2025-11-27 09:16:55,231 [sdlora.py] => Task 8, Epoch 20/20 => Loss 0.163, Train_accy 78.06
2025-11-27 09:17:27,464 [trainer.py] => No NME accuracy.
2025-11-27 09:17:27,466 [trainer.py] => CNN: {'total': np.float64(87.33), '00-09': np.float64(82.3), '10-19': np.float64(84.1), '20-29': np.float64(94.4), '30-39': np.float64(90.9), '40-49': np.float64(87.7), '50-59': np.float64(85.1), '60-69': np.float64(92.2), '70-79': np.float64(80.5), '80-89': np.float64(88.8), 'old': np.float64(87.15), 'new': np.float64(88.8)}
2025-11-27 09:17:27,466 [trainer.py] => CNN top1 curve: [np.float64(99.0), np.float64(96.25), np.float64(94.57), np.float64(93.3), np.float64(91.4), np.float64(90.25), np.float64(90.07), np.float64(88.02), np.float64(87.33)]
2025-11-27 09:17:27,466 [trainer.py] => CNN top5 curve: [np.float64(100.0), np.float64(99.8), np.float64(99.5), np.float64(99.38), np.float64(99.34), np.float64(99.18), np.float64(99.11), np.float64(99.14), np.float64(98.87)]

2025-11-27 09:17:27,468 [trainer.py] => Average Accuracy (CNN): 92.24333333333333 

2025-11-27 09:17:27,472 [trainer.py] => All params: 172035183
2025-11-27 09:17:27,473 [trainer.py] => Trainable params: 437871
2025-11-27 09:17:27,475 [sdlora.py] => Learning on 90-100
2025-11-27 09:17:29,054 [_builder.py] => Loading pretrained weights from Hugging Face hub (timm/vit_base_patch16_224.augreg2_in21k_ft_in1k)
2025-11-27 09:17:29,459 [_hub.py] => [timm/vit_base_patch16_224.augreg2_in21k_ft_in1k] Safe alternative available for 'pytorch_model.bin' (as 'model.safetensors'). Loading weights using safetensors.
2025-11-27 09:34:44,529 [sdlora.py] => Task 9, Epoch 20/20 => Loss 0.173, Train_accy 79.12
2025-11-27 09:35:22,007 [trainer.py] => No NME accuracy.
2025-11-27 09:35:22,012 [trainer.py] => CNN: {'total': np.float64(86.91), '00-09': np.float64(81.7), '10-19': np.float64(83.0), '20-29': np.float64(94.8), '30-39': np.float64(91.0), '40-49': np.float64(87.6), '50-59': np.float64(83.8), '60-69': np.float64(90.7), '70-79': np.float64(80.1), '80-89': np.float64(88.4), '90-99': np.float64(88.0), 'old': np.float64(86.79), 'new': np.float64(88.0)}
2025-11-27 09:35:22,012 [trainer.py] => CNN top1 curve: [np.float64(99.0), np.float64(96.25), np.float64(94.57), np.float64(93.3), np.float64(91.4), np.float64(90.25), np.float64(90.07), np.float64(88.02), np.float64(87.33), np.float64(86.91)]
2025-11-27 09:35:22,012 [trainer.py] => CNN top5 curve: [np.float64(100.0), np.float64(99.8), np.float64(99.5), np.float64(99.38), np.float64(99.34), np.float64(99.18), np.float64(99.11), np.float64(99.14), np.float64(98.87), np.float64(98.67)]

2025-11-27 09:35:22,012 [trainer.py] => Average Accuracy (CNN): 91.71 

