2025-11-23 20:29:50,637 [trainer.py] => config: exps/moe_adapters_c100.json
2025-11-23 20:29:50,639 [trainer.py] => prefix: reproduce
2025-11-23 20:29:50,639 [trainer.py] => dataset: cifar100
2025-11-23 20:29:50,639 [trainer.py] => memory_size: 0
2025-11-23 20:29:50,639 [trainer.py] => memory_per_class: 0
2025-11-23 20:29:50,639 [trainer.py] => fixed_memory: False
2025-11-23 20:29:50,639 [trainer.py] => shuffle: True
2025-11-23 20:29:50,639 [trainer.py] => init_cls: 10
2025-11-23 20:29:50,639 [trainer.py] => increment: 10
2025-11-23 20:29:50,639 [trainer.py] => model_name: moe_adapters
2025-11-23 20:29:50,639 [trainer.py] => backbone_type: clip_vit_b16_moe_adapter
2025-11-23 20:29:50,639 [trainer.py] => device: [device(type='cuda', index=0)]
2025-11-23 20:29:50,639 [trainer.py] => seed: 1993
2025-11-23 20:29:50,639 [trainer.py] => batch_size: 128
2025-11-23 20:29:50,639 [trainer.py] => num_workers: 8
2025-11-23 20:29:50,639 [trainer.py] => clip_model_name: ViT-B/16
2025-11-23 20:29:50,639 [trainer.py] => clip_pretrained: True
2025-11-23 20:29:50,639 [trainer.py] => prompt_template: a photo of a {}.
2025-11-23 20:29:50,639 [trainer.py] => adapter_lr: 0.001
2025-11-23 20:29:50,639 [trainer.py] => adapter_weight_decay: 0.0
2025-11-23 20:29:50,639 [trainer.py] => adapter_label_smoothing: 0.0
2025-11-23 20:29:50,640 [trainer.py] => adapter_epochs: 1
2025-11-23 20:29:52,714 [data_manager.py] => [68, 56, 78, 8, 23, 84, 90, 65, 74, 76, 40, 89, 3, 92, 55, 9, 26, 80, 43, 38, 58, 70, 77, 1, 85, 19, 17, 50, 28, 53, 13, 81, 45, 82, 6, 59, 83, 16, 15, 44, 91, 41, 72, 60, 79, 52, 20, 10, 31, 54, 37, 95, 14, 71, 96, 98, 97, 2, 64, 66, 42, 22, 35, 86, 24, 34, 87, 21, 99, 0, 88, 27, 18, 94, 11, 12, 47, 25, 30, 46, 62, 69, 36, 61, 7, 63, 75, 5, 32, 4, 51, 48, 73, 93, 39, 67, 29, 49, 57, 33]
2025-11-23 20:30:00,402 [trainer.py] => All params: 153648129
2025-11-23 20:30:00,404 [trainer.py] => Trainable params: 153648129
2025-11-23 20:30:00,404 [moe_adapters.py] => Learning on 0-10
2025-11-23 20:30:45,337 [trainer.py] => No NME accuracy.
2025-11-23 20:30:45,339 [trainer.py] => CNN: {'total': np.float64(97.2), '00-09': np.float64(97.2), 'old': 0, 'new': np.float64(97.2)}
2025-11-23 20:30:45,339 [trainer.py] => CNN top1 curve: [np.float64(97.2)]
2025-11-23 20:30:45,339 [trainer.py] => CNN top5 curve: [np.float64(99.9)]

2025-11-23 20:30:45,339 [trainer.py] => Average Accuracy (CNN): 97.2 

2025-11-23 20:30:45,340 [trainer.py] => All params: 153648129
2025-11-23 20:30:45,342 [trainer.py] => Trainable params: 4027392
2025-11-23 20:30:45,342 [moe_adapters.py] => Learning on 0-10
2025-11-23 20:31:26,404 [trainer.py] => No NME accuracy.
2025-11-23 20:31:26,404 [trainer.py] => CNN: {'total': np.float64(97.8), '00-09': np.float64(97.8), 'old': 0, 'new': np.float64(97.8)}
2025-11-23 20:31:26,404 [trainer.py] => CNN top1 curve: [np.float64(97.2), np.float64(97.8)]
2025-11-23 20:31:26,404 [trainer.py] => CNN top5 curve: [np.float64(99.9), np.float64(100.0)]

2025-11-23 20:31:26,404 [trainer.py] => Average Accuracy (CNN): 97.5 

2025-11-23 20:31:26,406 [trainer.py] => All params: 153709569
2025-11-23 20:31:26,408 [trainer.py] => Trainable params: 4088832
2025-11-23 20:31:26,408 [moe_adapters.py] => Learning on 0-10
2025-11-23 20:32:06,015 [trainer.py] => No NME accuracy.
2025-11-23 20:32:06,015 [trainer.py] => CNN: {'total': np.float64(98.0), '00-09': np.float64(98.0), 'old': 0, 'new': np.float64(98.0)}
2025-11-23 20:32:06,015 [trainer.py] => CNN top1 curve: [np.float64(97.2), np.float64(97.8), np.float64(98.0)]
2025-11-23 20:32:06,015 [trainer.py] => CNN top5 curve: [np.float64(99.9), np.float64(100.0), np.float64(100.0)]

2025-11-23 20:32:06,016 [trainer.py] => Average Accuracy (CNN): 97.66666666666667 

2025-11-23 20:32:06,017 [trainer.py] => All params: 153771009
2025-11-23 20:32:06,019 [trainer.py] => Trainable params: 4150272
2025-11-23 20:32:06,019 [moe_adapters.py] => Learning on 0-10
2025-11-23 20:32:46,898 [trainer.py] => No NME accuracy.
2025-11-23 20:32:46,899 [trainer.py] => CNN: {'total': np.float64(97.9), '00-09': np.float64(97.9), 'old': 0, 'new': np.float64(97.9)}
2025-11-23 20:32:46,899 [trainer.py] => CNN top1 curve: [np.float64(97.2), np.float64(97.8), np.float64(98.0), np.float64(97.9)]
2025-11-23 20:32:46,899 [trainer.py] => CNN top5 curve: [np.float64(99.9), np.float64(100.0), np.float64(100.0), np.float64(100.0)]

2025-11-23 20:32:46,899 [trainer.py] => Average Accuracy (CNN): 97.725 

2025-11-23 20:32:46,901 [trainer.py] => All params: 153832449
2025-11-23 20:32:46,903 [trainer.py] => Trainable params: 4211712
2025-11-23 20:32:46,903 [moe_adapters.py] => Learning on 0-10
2025-11-23 20:33:26,849 [trainer.py] => No NME accuracy.
2025-11-23 20:33:26,850 [trainer.py] => CNN: {'total': np.float64(98.0), '00-09': np.float64(98.0), 'old': 0, 'new': np.float64(98.0)}
2025-11-23 20:33:26,853 [trainer.py] => CNN top1 curve: [np.float64(97.2), np.float64(97.8), np.float64(98.0), np.float64(97.9), np.float64(98.0)]
2025-11-23 20:33:26,853 [trainer.py] => CNN top5 curve: [np.float64(99.9), np.float64(100.0), np.float64(100.0), np.float64(100.0), np.float64(100.0)]

2025-11-23 20:33:26,853 [trainer.py] => Average Accuracy (CNN): 97.78 

2025-11-23 20:33:26,861 [trainer.py] => All params: 153893889
2025-11-23 20:33:26,871 [trainer.py] => Trainable params: 4273152
2025-11-23 20:33:26,872 [moe_adapters.py] => Learning on 0-10
2025-11-23 20:34:09,726 [trainer.py] => No NME accuracy.
2025-11-23 20:34:09,726 [trainer.py] => CNN: {'total': np.float64(98.4), '00-09': np.float64(98.4), 'old': 0, 'new': np.float64(98.4)}
2025-11-23 20:34:09,726 [trainer.py] => CNN top1 curve: [np.float64(97.2), np.float64(97.8), np.float64(98.0), np.float64(97.9), np.float64(98.0), np.float64(98.4)]
2025-11-23 20:34:09,727 [trainer.py] => CNN top5 curve: [np.float64(99.9), np.float64(100.0), np.float64(100.0), np.float64(100.0), np.float64(100.0), np.float64(100.0)]

2025-11-23 20:34:09,727 [trainer.py] => Average Accuracy (CNN): 97.88333333333333 

2025-11-23 20:34:09,728 [trainer.py] => All params: 153955329
2025-11-23 20:34:09,731 [trainer.py] => Trainable params: 4334592
2025-11-23 20:34:09,732 [moe_adapters.py] => Learning on 0-10
2025-11-23 20:34:50,385 [trainer.py] => No NME accuracy.
2025-11-23 20:34:50,386 [trainer.py] => CNN: {'total': np.float64(98.0), '00-09': np.float64(98.0), 'old': 0, 'new': np.float64(98.0)}
2025-11-23 20:34:50,387 [trainer.py] => CNN top1 curve: [np.float64(97.2), np.float64(97.8), np.float64(98.0), np.float64(97.9), np.float64(98.0), np.float64(98.4), np.float64(98.0)]
2025-11-23 20:34:50,387 [trainer.py] => CNN top5 curve: [np.float64(99.9), np.float64(100.0), np.float64(100.0), np.float64(100.0), np.float64(100.0), np.float64(100.0), np.float64(100.0)]

2025-11-23 20:34:50,387 [trainer.py] => Average Accuracy (CNN): 97.89999999999999 

2025-11-23 20:34:50,401 [trainer.py] => All params: 154016769
2025-11-23 20:34:50,415 [trainer.py] => Trainable params: 4396032
2025-11-23 20:34:50,416 [moe_adapters.py] => Learning on 0-10
2025-11-23 20:35:29,814 [trainer.py] => No NME accuracy.
2025-11-23 20:35:29,815 [trainer.py] => CNN: {'total': np.float64(98.4), '00-09': np.float64(98.4), 'old': 0, 'new': np.float64(98.4)}
2025-11-23 20:35:29,815 [trainer.py] => CNN top1 curve: [np.float64(97.2), np.float64(97.8), np.float64(98.0), np.float64(97.9), np.float64(98.0), np.float64(98.4), np.float64(98.0), np.float64(98.4)]
2025-11-23 20:35:29,815 [trainer.py] => CNN top5 curve: [np.float64(99.9), np.float64(100.0), np.float64(100.0), np.float64(100.0), np.float64(100.0), np.float64(100.0), np.float64(100.0), np.float64(100.0)]

2025-11-23 20:35:29,815 [trainer.py] => Average Accuracy (CNN): 97.96249999999999 

2025-11-23 20:35:29,817 [trainer.py] => All params: 154078209
2025-11-23 20:35:29,819 [trainer.py] => Trainable params: 4457472
2025-11-23 20:35:29,819 [moe_adapters.py] => Learning on 0-10
2025-11-23 20:36:09,918 [trainer.py] => No NME accuracy.
2025-11-23 20:36:09,918 [trainer.py] => CNN: {'total': np.float64(98.7), '00-09': np.float64(98.7), 'old': 0, 'new': np.float64(98.7)}
2025-11-23 20:36:09,919 [trainer.py] => CNN top1 curve: [np.float64(97.2), np.float64(97.8), np.float64(98.0), np.float64(97.9), np.float64(98.0), np.float64(98.4), np.float64(98.0), np.float64(98.4), np.float64(98.7)]
2025-11-23 20:36:09,919 [trainer.py] => CNN top5 curve: [np.float64(99.9), np.float64(100.0), np.float64(100.0), np.float64(100.0), np.float64(100.0), np.float64(100.0), np.float64(100.0), np.float64(100.0), np.float64(99.9)]

2025-11-23 20:36:09,919 [trainer.py] => Average Accuracy (CNN): 98.04444444444444 

2025-11-23 20:36:09,928 [trainer.py] => All params: 154139649
2025-11-23 20:36:09,932 [trainer.py] => Trainable params: 4518912
2025-11-23 20:36:09,933 [moe_adapters.py] => Learning on 0-10
2025-11-23 20:36:50,088 [trainer.py] => No NME accuracy.
2025-11-23 20:36:50,088 [trainer.py] => CNN: {'total': np.float64(98.7), '00-09': np.float64(98.7), 'old': 0, 'new': np.float64(98.7)}
2025-11-23 20:36:50,088 [trainer.py] => CNN top1 curve: [np.float64(97.2), np.float64(97.8), np.float64(98.0), np.float64(97.9), np.float64(98.0), np.float64(98.4), np.float64(98.0), np.float64(98.4), np.float64(98.7), np.float64(98.7)]
2025-11-23 20:36:50,089 [trainer.py] => CNN top5 curve: [np.float64(99.9), np.float64(100.0), np.float64(100.0), np.float64(100.0), np.float64(100.0), np.float64(100.0), np.float64(100.0), np.float64(100.0), np.float64(99.9), np.float64(100.0)]

2025-11-23 20:36:50,089 [trainer.py] => Average Accuracy (CNN): 98.11 

2025-11-27 13:39:14,123 [trainer.py] => config: exps/moe_adapters_c100.json
2025-11-27 13:39:14,126 [trainer.py] => prefix: reproduce
2025-11-27 13:39:14,126 [trainer.py] => dataset: cifar100
2025-11-27 13:39:14,126 [trainer.py] => memory_size: 0
2025-11-27 13:39:14,126 [trainer.py] => memory_per_class: 0
2025-11-27 13:39:14,127 [trainer.py] => fixed_memory: False
2025-11-27 13:39:14,127 [trainer.py] => shuffle: True
2025-11-27 13:39:14,127 [trainer.py] => init_cls: 10
2025-11-27 13:39:14,127 [trainer.py] => increment: 10
2025-11-27 13:39:14,127 [trainer.py] => model_name: moe_adapters
2025-11-27 13:39:14,127 [trainer.py] => backbone_type: clip_vit_b16_moe_adapter
2025-11-27 13:39:14,127 [trainer.py] => device: [device(type='cuda', index=0)]
2025-11-27 13:39:14,127 [trainer.py] => seed: 1993
2025-11-27 13:39:14,127 [trainer.py] => batch_size: 128
2025-11-27 13:39:14,127 [trainer.py] => num_workers: 8
2025-11-27 13:39:14,127 [trainer.py] => clip_model_name: ViT-B/16
2025-11-27 13:39:14,127 [trainer.py] => clip_pretrained: True
2025-11-27 13:39:14,127 [trainer.py] => prompt_template: a photo of a {}.
2025-11-27 13:39:14,127 [trainer.py] => adapter_lr: 0.001
2025-11-27 13:39:14,127 [trainer.py] => adapter_weight_decay: 0.0
2025-11-27 13:39:14,127 [trainer.py] => adapter_label_smoothing: 0.0
2025-11-27 13:39:14,127 [trainer.py] => adapter_epochs: 1
2025-11-27 13:39:16,345 [data_manager.py] => [68, 56, 78, 8, 23, 84, 90, 65, 74, 76, 40, 89, 3, 92, 55, 9, 26, 80, 43, 38, 58, 70, 77, 1, 85, 19, 17, 50, 28, 53, 13, 81, 45, 82, 6, 59, 83, 16, 15, 44, 91, 41, 72, 60, 79, 52, 20, 10, 31, 54, 37, 95, 14, 71, 96, 98, 97, 2, 64, 66, 42, 22, 35, 86, 24, 34, 87, 21, 99, 0, 88, 27, 18, 94, 11, 12, 47, 25, 30, 46, 62, 69, 36, 61, 7, 63, 75, 5, 32, 4, 51, 48, 73, 93, 39, 67, 29, 49, 57, 33]
2025-11-27 13:39:26,310 [trainer.py] => All params: 153648129
2025-11-27 13:39:26,313 [trainer.py] => Trainable params: 153648129
2025-11-27 13:39:26,313 [moe_adapters.py] => Learning on 0-10
2025-11-27 13:40:12,074 [trainer.py] => No NME accuracy.
2025-11-27 13:40:12,078 [trainer.py] => CNN: {'total': np.float64(97.2), '00-09': np.float64(97.2), 'old': 0, 'new': np.float64(97.2)}
2025-11-27 13:40:12,079 [trainer.py] => CNN top1 curve: [np.float64(97.2)]
2025-11-27 13:40:12,079 [trainer.py] => CNN top5 curve: [np.float64(99.9)]

2025-11-27 13:40:12,081 [trainer.py] => Average Accuracy (CNN): 97.2 

2025-11-27 13:40:12,083 [trainer.py] => All params: 153648129
2025-11-27 13:40:12,084 [trainer.py] => Trainable params: 4027392
2025-11-27 13:40:12,084 [moe_adapters.py] => Learning on 10-20
2025-11-27 13:40:54,169 [trainer.py] => No NME accuracy.
2025-11-27 13:40:54,170 [trainer.py] => CNN: {'total': np.float64(92.75), '00-09': np.float64(93.6), '10-19': np.float64(91.9), 'old': np.float64(93.6), 'new': np.float64(91.9)}
2025-11-27 13:40:54,170 [trainer.py] => CNN top1 curve: [np.float64(97.2), np.float64(92.75)]
2025-11-27 13:40:54,170 [trainer.py] => CNN top5 curve: [np.float64(99.9), np.float64(99.6)]

2025-11-27 13:40:54,170 [trainer.py] => Average Accuracy (CNN): 94.975 

2025-11-27 13:40:54,172 [trainer.py] => All params: 153709569
2025-11-27 13:40:54,173 [trainer.py] => Trainable params: 4088832
2025-11-27 13:40:54,173 [moe_adapters.py] => Learning on 20-30
2025-11-27 13:41:38,329 [trainer.py] => No NME accuracy.
2025-11-27 13:41:38,329 [trainer.py] => CNN: {'total': np.float64(90.47), '00-09': np.float64(92.7), '10-19': np.float64(88.5), '20-29': np.float64(90.2), 'old': np.float64(90.6), 'new': np.float64(90.2)}
2025-11-27 13:41:38,330 [trainer.py] => CNN top1 curve: [np.float64(97.2), np.float64(92.75), np.float64(90.47)]
2025-11-27 13:41:38,330 [trainer.py] => CNN top5 curve: [np.float64(99.9), np.float64(99.6), np.float64(99.13)]

2025-11-27 13:41:38,331 [trainer.py] => Average Accuracy (CNN): 93.47333333333331 

2025-11-27 13:41:38,343 [trainer.py] => All params: 153771009
2025-11-27 13:41:38,354 [trainer.py] => Trainable params: 4150272
2025-11-27 13:41:38,355 [moe_adapters.py] => Learning on 30-40
2025-11-27 13:42:29,217 [trainer.py] => No NME accuracy.
2025-11-27 13:42:29,218 [trainer.py] => CNN: {'total': np.float64(88.45), '00-09': np.float64(91.8), '10-19': np.float64(87.2), '20-29': np.float64(89.2), '30-39': np.float64(85.6), 'old': np.float64(89.4), 'new': np.float64(85.6)}
2025-11-27 13:42:29,219 [trainer.py] => CNN top1 curve: [np.float64(97.2), np.float64(92.75), np.float64(90.47), np.float64(88.45)]
2025-11-27 13:42:29,219 [trainer.py] => CNN top5 curve: [np.float64(99.9), np.float64(99.6), np.float64(99.13), np.float64(98.98)]

2025-11-27 13:42:29,219 [trainer.py] => Average Accuracy (CNN): 92.21749999999999 

2025-11-27 13:42:29,231 [trainer.py] => All params: 153832449
2025-11-27 13:42:29,249 [trainer.py] => Trainable params: 4211712
2025-11-27 13:42:29,249 [moe_adapters.py] => Learning on 40-50
2025-11-27 13:43:22,382 [trainer.py] => No NME accuracy.
2025-11-27 13:43:22,383 [trainer.py] => CNN: {'total': np.float64(83.8), '00-09': np.float64(88.4), '10-19': np.float64(82.5), '20-29': np.float64(83.4), '30-39': np.float64(79.8), '40-49': np.float64(84.9), 'old': np.float64(83.52), 'new': np.float64(84.9)}
2025-11-27 13:43:22,383 [trainer.py] => CNN top1 curve: [np.float64(97.2), np.float64(92.75), np.float64(90.47), np.float64(88.45), np.float64(83.8)]
2025-11-27 13:43:22,383 [trainer.py] => CNN top5 curve: [np.float64(99.9), np.float64(99.6), np.float64(99.13), np.float64(98.98), np.float64(98.44)]

2025-11-27 13:43:22,384 [trainer.py] => Average Accuracy (CNN): 90.53399999999999 

2025-11-27 13:43:22,397 [trainer.py] => All params: 153893889
2025-11-27 13:43:22,404 [trainer.py] => Trainable params: 4273152
2025-11-27 13:43:22,404 [moe_adapters.py] => Learning on 50-60
2025-11-27 13:44:21,358 [trainer.py] => No NME accuracy.
2025-11-27 13:44:21,359 [trainer.py] => CNN: {'total': np.float64(83.85), '00-09': np.float64(88.5), '10-19': np.float64(82.8), '20-29': np.float64(84.3), '30-39': np.float64(78.7), '40-49': np.float64(80.6), '50-59': np.float64(88.2), 'old': np.float64(82.98), 'new': np.float64(88.2)}
2025-11-27 13:44:21,359 [trainer.py] => CNN top1 curve: [np.float64(97.2), np.float64(92.75), np.float64(90.47), np.float64(88.45), np.float64(83.8), np.float64(83.85)]
2025-11-27 13:44:21,359 [trainer.py] => CNN top5 curve: [np.float64(99.9), np.float64(99.6), np.float64(99.13), np.float64(98.98), np.float64(98.44), np.float64(98.03)]

2025-11-27 13:44:21,359 [trainer.py] => Average Accuracy (CNN): 89.42 

2025-11-27 13:44:21,361 [trainer.py] => All params: 153955329
2025-11-27 13:44:21,362 [trainer.py] => Trainable params: 4334592
2025-11-27 13:44:21,363 [moe_adapters.py] => Learning on 60-70
2025-11-27 13:45:26,348 [trainer.py] => No NME accuracy.
2025-11-27 13:45:26,348 [trainer.py] => CNN: {'total': np.float64(83.36), '00-09': np.float64(85.7), '10-19': np.float64(81.0), '20-29': np.float64(85.2), '30-39': np.float64(79.2), '40-49': np.float64(80.0), '50-59': np.float64(85.8), '60-69': np.float64(86.6), 'old': np.float64(82.82), 'new': np.float64(86.6)}
2025-11-27 13:45:26,349 [trainer.py] => CNN top1 curve: [np.float64(97.2), np.float64(92.75), np.float64(90.47), np.float64(88.45), np.float64(83.8), np.float64(83.85), np.float64(83.36)]
2025-11-27 13:45:26,349 [trainer.py] => CNN top5 curve: [np.float64(99.9), np.float64(99.6), np.float64(99.13), np.float64(98.98), np.float64(98.44), np.float64(98.03), np.float64(97.61)]

2025-11-27 13:45:26,349 [trainer.py] => Average Accuracy (CNN): 88.55428571428571 

2025-11-27 13:45:26,361 [trainer.py] => All params: 154016769
2025-11-27 13:45:26,373 [trainer.py] => Trainable params: 4396032
2025-11-27 13:45:26,374 [moe_adapters.py] => Learning on 70-80
2025-11-27 13:46:30,927 [trainer.py] => No NME accuracy.
2025-11-27 13:46:30,927 [trainer.py] => CNN: {'total': np.float64(81.7), '00-09': np.float64(85.5), '10-19': np.float64(79.6), '20-29': np.float64(84.6), '30-39': np.float64(79.6), '40-49': np.float64(80.3), '50-59': np.float64(84.0), '60-69': np.float64(87.1), '70-79': np.float64(72.9), 'old': np.float64(82.96), 'new': np.float64(72.9)}
2025-11-27 13:46:30,927 [trainer.py] => CNN top1 curve: [np.float64(97.2), np.float64(92.75), np.float64(90.47), np.float64(88.45), np.float64(83.8), np.float64(83.85), np.float64(83.36), np.float64(81.7)]
2025-11-27 13:46:30,927 [trainer.py] => CNN top5 curve: [np.float64(99.9), np.float64(99.6), np.float64(99.13), np.float64(98.98), np.float64(98.44), np.float64(98.03), np.float64(97.61), np.float64(97.61)]

2025-11-27 13:46:30,927 [trainer.py] => Average Accuracy (CNN): 87.6975 

2025-11-27 13:46:30,929 [trainer.py] => All params: 154078209
2025-11-27 13:46:30,932 [trainer.py] => Trainable params: 4457472
2025-11-27 13:46:30,932 [moe_adapters.py] => Learning on 80-90
2025-11-27 13:47:35,397 [trainer.py] => No NME accuracy.
2025-11-27 13:47:35,398 [trainer.py] => CNN: {'total': np.float64(79.54), '00-09': np.float64(84.7), '10-19': np.float64(78.2), '20-29': np.float64(80.6), '30-39': np.float64(76.6), '40-49': np.float64(78.9), '50-59': np.float64(82.2), '60-69': np.float64(82.2), '70-79': np.float64(71.0), '80-89': np.float64(81.5), 'old': np.float64(79.3), 'new': np.float64(81.5)}
2025-11-27 13:47:35,398 [trainer.py] => CNN top1 curve: [np.float64(97.2), np.float64(92.75), np.float64(90.47), np.float64(88.45), np.float64(83.8), np.float64(83.85), np.float64(83.36), np.float64(81.7), np.float64(79.54)]
2025-11-27 13:47:35,398 [trainer.py] => CNN top5 curve: [np.float64(99.9), np.float64(99.6), np.float64(99.13), np.float64(98.98), np.float64(98.44), np.float64(98.03), np.float64(97.61), np.float64(97.61), np.float64(96.98)]

2025-11-27 13:47:35,398 [trainer.py] => Average Accuracy (CNN): 86.7911111111111 

2025-11-27 13:47:35,400 [trainer.py] => All params: 154139649
2025-11-27 13:47:35,402 [trainer.py] => Trainable params: 4518912
2025-11-27 13:47:35,402 [moe_adapters.py] => Learning on 90-100
2025-11-27 13:48:43,682 [trainer.py] => No NME accuracy.
2025-11-27 13:48:43,682 [trainer.py] => CNN: {'total': np.float64(77.49), '00-09': np.float64(80.5), '10-19': np.float64(78.1), '20-29': np.float64(80.2), '30-39': np.float64(76.6), '40-49': np.float64(78.3), '50-59': np.float64(80.4), '60-69': np.float64(79.1), '70-79': np.float64(71.5), '80-89': np.float64(70.9), '90-99': np.float64(79.3), 'old': np.float64(77.29), 'new': np.float64(79.3)}
2025-11-27 13:48:43,682 [trainer.py] => CNN top1 curve: [np.float64(97.2), np.float64(92.75), np.float64(90.47), np.float64(88.45), np.float64(83.8), np.float64(83.85), np.float64(83.36), np.float64(81.7), np.float64(79.54), np.float64(77.49)]
2025-11-27 13:48:43,683 [trainer.py] => CNN top5 curve: [np.float64(99.9), np.float64(99.6), np.float64(99.13), np.float64(98.98), np.float64(98.44), np.float64(98.03), np.float64(97.61), np.float64(97.61), np.float64(96.98), np.float64(95.94)]

2025-11-27 13:48:43,683 [trainer.py] => Average Accuracy (CNN): 85.861 

